{
  "RSpec": {
    "coverage": {
      "C:/Users/Vytenis/RRChess/spec/chess_server_spec.rb": [
        1,
        null,
        1,
        1,
        null,
        null,
        1,
        2,
        2,
        null,
        null,
        1,
        2,
        2,
        null,
        null,
        1,
        1,
        1,
        null,
        null,
        1,
        3,
        3,
        6,
        null,
        null,
        null,
        null,
        null,
        1,
        1,
        1,
        1,
        1,
        null,
        1,
        20,
        null,
        1,
        1,
        20,
        20,
        20,
        20,
        20,
        20,
        20,
        20,
        20,
        20,
        20,
        20,
        null,
        20,
        null,
        null,
        1,
        1,
        1,
        1,
        null,
        null,
        1,
        1,
        1,
        null,
        null,
        null,
        1,
        1,
        1,
        1,
        1,
        null,
        null,
        1,
        1,
        1,
        1,
        null,
        null,
        1,
        1,
        null,
        null,
        1,
        1,
        1,
        1,
        1,
        null,
        1,
        null,
        1,
        1,
        1,
        1,
        1,
        1,
        1,
        1,
        null,
        null,
        1,
        1,
        1,
        1,
        1,
        1,
        1,
        1,
        null,
        null,
        1,
        1,
        1,
        1,
        1,
        1,
        1,
        1,
        null,
        null,
        1,
        1,
        1,
        null,
        1,
        null,
        1,
        1,
        null,
        1,
        null,
        1,
        null,
        1,
        1,
        1,
        1,
        null,
        null,
        1,
        1,
        1,
        1,
        null,
        null,
        1,
        1,
        1,
        null,
        1,
        null,
        null,
        1,
        1,
        1,
        null,
        null,
        1,
        1,
        null,
        1,
        1,
        4,
        null,
        1,
        1,
        null,
        1,
        1,
        1,
        null,
        1,
        1,
        null,
        1,
        1,
        null,
        null,
        1,
        1,
        1,
        1,
        1,
        1,
        1,
        null,
        1,
        1,
        1,
        null,
        1,
        1,
        null,
        null,
        1,
        1,
        1,
        1,
        null,
        1,
        1,
        1,
        null,
        1,
        1,
        null,
        null,
        1,
        null,
        1,
        1,
        null,
        null,
        1,
        1,
        1,
        null,
        null,
        1,
        null,
        1,
        null,
        1,
        null,
        1,
        null,
        null,
        1,
        null,
        1,
        1,
        null,
        null,
        1,
        1,
        1,
        null,
        1,
        1,
        null,
        1,
        null,
        1,
        20,
        null,
        null,
        1,
        20,
        null,
        null
      ],
      "C:/Users/Vytenis/RRChess/spec/rails_helper.rb": [
        null,
        1,
        1,
        1,
        null,
        1,
        1,
        null,
        null,
        null,
        null,
        null,
        null,
        null,
        null,
        null,
        null,
        null,
        null,
        null,
        null,
        null,
        null,
        null,
        null,
        null,
        1,
        null,
        1,
        null,
        1,
        null,
        null,
        null,
        null,
        1,
        null,
        null,
        null,
        null,
        null,
        null,
        null,
        null,
        null,
        null,
        null,
        null,
        null,
        null,
        1,
        null,
        null,
        1,
        null,
        null,
        null
      ],
      "C:/Users/Vytenis/RRChess/config/environment.rb": [
        null,
        1,
        null,
        null,
        1
      ],
      "C:/Users/Vytenis/RRChess/config/application.rb": [
        1,
        null,
        1,
        1,
        null,
        null,
        null,
        1,
        null,
        1,
        1,
        null,
        1,
        null,
        null,
        null,
        null,
        null,
        null
      ],
      "C:/Users/Vytenis/RRChess/config/boot.rb": [
        1,
        null,
        1
      ],
      "C:/Users/Vytenis/RRChess/app/src/chess_server.rb": [
        1,
        1,
        null,
        null,
        1,
        1,
        null,
        1,
        1,
        null,
        null,
        1,
        50,
        50,
        null,
        17,
        null,
        29,
        null,
        2,
        null,
        null,
        null,
        1,
        17,
        16,
        16,
        15,
        15,
        15,
        4,
        null,
        null,
        1,
        5,
        null,
        5,
        5,
        null,
        null,
        5,
        null,
        5,
        null,
        null,
        1,
        null,
        5,
        null,
        5,
        5,
        null,
        null,
        1,
        29,
        28,
        78,
        61,
        12,
        null,
        16,
        16,
        null,
        null,
        1,
        12,
        12,
        12,
        null,
        null,
        12,
        null,
        null,
        1,
        12,
        12,
        null,
        12,
        12,
        null,
        null,
        1,
        5,
        5,
        null,
        5,
        2,
        2,
        3,
        1,
        1,
        null,
        2,
        2,
        null,
        null,
        null,
        1,
        2,
        1,
        1,
        1,
        null,
        null
      ],
      "C:/Users/Vytenis/RRChess/app/src/server.rb": [
        1,
        1,
        null,
        null,
        1,
        1,
        null,
        1,
        1,
        null,
        1,
        9,
        9,
        9,
        9,
        9,
        null,
        null,
        1,
        1,
        null,
        1,
        0,
        0,
        0,
        null,
        1,
        null,
        null,
        1,
        86,
        null,
        86,
        1,
        1,
        1,
        null,
        null,
        85,
        85,
        85,
        85,
        null,
        null,
        1,
        0,
        0,
        0,
        null,
        null,
        null,
        1,
        null,
        1,
        1,
        null,
        null,
        1,
        17,
        68,
        null,
        null,
        null,
        1,
        2,
        2,
        null,
        null,
        1,
        21,
        21,
        21,
        null,
        null,
        1,
        1,
        1,
        1,
        1,
        1,
        null,
        null,
        null,
        null,
        null,
        null
      ],
      "C:/Users/Vytenis/RRChess/config/environments/test.rb": [
        1,
        null,
        null,
        null,
        null,
        null,
        null,
        1,
        null,
        null,
        null,
        null,
        1,
        null,
        null,
        1,
        1,
        null,
        null,
        null,
        null,
        1,
        1,
        null,
        null,
        1,
        null,
        null,
        1,
        1,
        null,
        null,
        null,
        null,
        1,
        null,
        null,
        1,
        null,
        null,
        null,
        null
      ],
      "C:/Users/Vytenis/RRChess/config/initializers/application_controller_renderer.rb": [
        null,
        null,
        null,
        null,
        null,
        null,
        null,
        null
      ],
      "C:/Users/Vytenis/RRChess/config/initializers/assets.rb": [
        null,
        null,
        null,
        1,
        null,
        null,
        null,
        null,
        1,
        null,
        null,
        1,
        1,
        null,
        null,
        null
      ],
      "C:/Users/Vytenis/RRChess/config/initializers/backtrace_silencers.rb": [
        null,
        null,
        null,
        null,
        null,
        null,
        null
      ],
      "C:/Users/Vytenis/RRChess/config/initializers/cookies_serializer.rb": [
        null,
        null,
        null,
        null,
        1
      ],
      "C:/Users/Vytenis/RRChess/config/initializers/filter_parameter_logging.rb": [
        null,
        null,
        null,
        1
      ],
      "C:/Users/Vytenis/RRChess/config/initializers/inflections.rb": [
        null,
        null,
        null,
        null,
        null,
        null,
        null,
        null,
        null,
        null,
        null,
        null,
        null,
        null,
        null,
        null
      ],
      "C:/Users/Vytenis/RRChess/config/initializers/mime_types.rb": [
        null,
        null,
        null,
        null
      ],
      "C:/Users/Vytenis/RRChess/config/initializers/wrap_parameters.rb": [
        null,
        null,
        null,
        null,
        null,
        null,
        1,
        2,
        null,
        null,
        null,
        null,
        null,
        null
      ],
      "C:/Users/Vytenis/RRChess/config/routes.rb": [
        1,
        1,
        1,
        1,
        1,
        1,
        null,
        1,
        1,
        null,
        null
      ],
      "C:/Users/Vytenis/RRChess/app/helpers/application_helper.rb": [
        1,
        null
      ],
      "C:/Users/Vytenis/RRChess/app/helpers/rooms_helper.rb": [
        1,
        null
      ],
      "C:/Users/Vytenis/RRChess/app/helpers/server_helper.rb": [
        1,
        null
      ],
      "C:/Users/Vytenis/RRChess/app/helpers/users_helper.rb": [
        1,
        null
      ],
      "C:/Users/Vytenis/RRChess/spec/controllers/rooms_controller_spec.rb": [
        1,
        null,
        null,
        null,
        null,
        null,
        null,
        null,
        null,
        null,
        null,
        null,
        null,
        null,
        null,
        null,
        null,
        null,
        null,
        null,
        null,
        null,
        null,
        null,
        null,
        null,
        1,
        null,
        1,
        1,
        null,
        null,
        null,
        null,
        1,
        0,
        null,
        null,
        1,
        0,
        null,
        null,
        null,
        null,
        null,
        6,
        null,
        1,
        5,
        5,
        null,
        null,
        null,
        null,
        null,
        1,
        1,
        1,
        1,
        1,
        null,
        null,
        null,
        1,
        1,
        1,
        null,
        1,
        1,
        1,
        1,
        1,
        null,
        1,
        null,
        null,
        null,
        null,
        null,
        null,
        null,
        null,
        null,
        null,
        1,
        1,
        1,
        1,
        1,
        null,
        null,
        null,
        1,
        1,
        1,
        1,
        1,
        null,
        null,
        null,
        1,
        1,
        1,
        1,
        null,
        null,
        null,
        null
      ],
      "C:/Users/Vytenis/RRChess/app/controllers/rooms_controller.rb": [
        1,
        null,
        null,
        1,
        1,
        null,
        null,
        null,
        1,
        2,
        null,
        null,
        null,
        null,
        1,
        null,
        1,
        1,
        1,
        null,
        null,
        1,
        1,
        1,
        null,
        null,
        null,
        null,
        1,
        0,
        null,
        null,
        null,
        1,
        null,
        null,
        null,
        1,
        2,
        2,
        2,
        2,
        null,
        null,
        2,
        null,
        null,
        null,
        1,
        null,
        1,
        4,
        null,
        null
      ],
      "C:/Users/Vytenis/RRChess/app/controllers/application_controller.rb": [
        1,
        1,
        null
      ],
      "C:/Users/Vytenis/RRChess/spec/controllers/server_controller_spec.rb": [
        1,
        null,
        1,
        null,
        1,
        1,
        null,
        1,
        1,
        1,
        1,
        null,
        null,
        null,
        1,
        1,
        1,
        1,
        1,
        1,
        null,
        null,
        null,
        1,
        1,
        1,
        null,
        1,
        1,
        1,
        1,
        null,
        null,
        null,
        1,
        1,
        1,
        1,
        null,
        null,
        null,
        null
      ],
      "C:/Users/Vytenis/RRChess/app/controllers/server_controller.rb": [
        1,
        1,
        null,
        null,
        1,
        1,
        null,
        1,
        1,
        null,
        1,
        1,
        null,
        null,
        1,
        1,
        null,
        null,
        1,
        2,
        2,
        2,
        1,
        null,
        null,
        1,
        1,
        1,
        1,
        1,
        null,
        null
      ],
      "C:/Users/Vytenis/RRChess/app/src/server_thread.rb": [
        1,
        null,
        null,
        1,
        1,
        1,
        null,
        1,
        1,
        1,
        null,
        null,
        null
      ],
      "C:/Users/Vytenis/RRChess/spec/controllers/users_controller_spec.rb": [
        1,
        null,
        null,
        null,
        null,
        null,
        null,
        null,
        null,
        null,
        null,
        null,
        null,
        null,
        null,
        null,
        null,
        null,
        null,
        null,
        null,
        null,
        null,
        null,
        null,
        1,
        null,
        1,
        null,
        null,
        null,
        null,
        1,
        10,
        null,
        null,
        1,
        2,
        null,
        null,
        null,
        null,
        null,
        12,
        null,
        1,
        1,
        1,
        1,
        1,
        null,
        null,
        null,
        1,
        1,
        1,
        1,
        1,
        null,
        null,
        null,
        1,
        1,
        1,
        1,
        null,
        null,
        null,
        1,
        1,
        1,
        1,
        1,
        null,
        null,
        null,
        1,
        1,
        1,
        1,
        1,
        null,
        null,
        null,
        1,
        1,
        1,
        null,
        null,
        null,
        1,
        1,
        1,
        1,
        null,
        null,
        null,
        null,
        1,
        1,
        1,
        1,
        null,
        null,
        1,
        1,
        1,
        0,
        0,
        null,
        null,
        1,
        1,
        1,
        1,
        null,
        null,
        null,
        1,
        1,
        1,
        1,
        1,
        null,
        null,
        null,
        null,
        1,
        1,
        1,
        1,
        1,
        null,
        null,
        null,
        1,
        1,
        1,
        1,
        null,
        null,
        null,
        null
      ],
      "C:/Users/Vytenis/RRChess/app/controllers/users_controller.rb": [
        null,
        1,
        1,
        null,
        null,
        null,
        1,
        2,
        null,
        null,
        null,
        null,
        1,
        null,
        null,
        1,
        1,
        null,
        null,
        null,
        1,
        null,
        null,
        null,
        1,
        3,
        null,
        3,
        3,
        2,
        2,
        null,
        null,
        2,
        0,
        null,
        null,
        null,
        2,
        1,
        0,
        null,
        null,
        null,
        null,
        null,
        null,
        null,
        null,
        1,
        2,
        2,
        1,
        1,
        null,
        null,
        1,
        0,
        null,
        null,
        null,
        2,
        1,
        0,
        null,
        null,
        null,
        null,
        null,
        null,
        null,
        null,
        1,
        2,
        2,
        2,
        2,
        null,
        null,
        2,
        null,
        null,
        null,
        1,
        null,
        null,
        1,
        6,
        null,
        null,
        1,
        5,
        null,
        null
      ],
      "C:/Users/Vytenis/RRChess/spec/helpers/rooms_helper_spec.rb": [
        1,
        null,
        null,
        null,
        null,
        null,
        null,
        null,
        null,
        null,
        null,
        null,
        1,
        1,
        null
      ],
      "C:/Users/Vytenis/RRChess/spec/helpers/server_helper_spec.rb": [
        1,
        null,
        null,
        null,
        null,
        null,
        null,
        null,
        null,
        null,
        null,
        null,
        1,
        1,
        null
      ],
      "C:/Users/Vytenis/RRChess/spec/helpers/users_helper_spec.rb": [
        1,
        null,
        null,
        null,
        null,
        null,
        null,
        null,
        null,
        null,
        null,
        null,
        1,
        1,
        null
      ],
      "C:/Users/Vytenis/RRChess/spec/requests/rooms_spec.rb": [
        1,
        null,
        1,
        1,
        1,
        1,
        1,
        null,
        null,
        null
      ],
      "C:/Users/Vytenis/RRChess/spec/requests/users_spec.rb": [
        1,
        null,
        1,
        1,
        1,
        1,
        1,
        null,
        null,
        null
      ],
      "C:/Users/Vytenis/RRChess/spec/room_spec.rb": [
        1,
        null,
        1,
        1,
        null,
        1,
        1,
        10,
        10,
        10,
        10,
        10,
        null,
        1,
        1,
        1,
        null,
        null,
        1,
        1,
        null,
        1,
        1,
        1,
        null,
        1,
        1,
        1,
        1,
        null,
        1,
        1,
        null,
        1,
        1,
        1,
        null,
        1,
        1,
        1,
        null,
        1,
        1,
        1,
        null,
        1,
        1,
        null,
        1,
        null,
        1,
        1,
        1,
        1,
        1,
        1,
        1,
        1,
        1,
        1,
        1,
        null,
        null,
        null
      ],
      "C:/Users/Vytenis/RRChess/app/models/room.rb": [
        1,
        null,
        null,
        1,
        1,
        1,
        1,
        1,
        null,
        1,
        null,
        1,
        1,
        null,
        null,
        1,
        1,
        null,
        null,
        null,
        null,
        null,
        1,
        35,
        30,
        30,
        30,
        30,
        null,
        null,
        null,
        1,
        25,
        null,
        null,
        1,
        41,
        null,
        null,
        1,
        21,
        null,
        null,
        1,
        17,
        17,
        17,
        10,
        null,
        null,
        1,
        23,
        22,
        22,
        null,
        null,
        1,
        3,
        1,
        2,
        2,
        null,
        null,
        null,
        1,
        15,
        null,
        null,
        1,
        7,
        6,
        6,
        null,
        null
      ],
      "C:/Users/Vytenis/RRChess/ruby-chess/chess.rb": [
        1,
        1,
        1,
        1,
        1,
        1,
        1,
        null,
        1,
        1,
        null,
        1,
        1,
        1,
        1,
        1,
        1,
        null,
        1,
        30,
        null,
        null,
        null,
        null,
        null,
        null,
        null,
        null,
        null,
        30,
        240,
        960,
        960,
        960,
        null,
        null,
        30,
        30,
        null,
        null,
        1,
        118,
        118,
        118,
        null,
        null,
        1,
        98,
        98,
        98,
        98,
        98,
        98,
        98,
        null,
        null,
        1,
        20,
        null,
        null,
        1,
        676,
        null,
        null,
        1,
        6565,
        null,
        null,
        1,
        1396,
        null,
        null,
        1,
        1190,
        null,
        null,
        1,
        20,
        null,
        null,
        1,
        20,
        290,
        192,
        null,
        null,
        null,
        1,
        3,
        3,
        null,
        null,
        1,
        20,
        null,
        null,
        1,
        20,
        null,
        null,
        1,
        20,
        null,
        null,
        1,
        20,
        3,
        3,
        null,
        0,
        null,
        null,
        null,
        null,
        1,
        20,
        20,
        20,
        20,
        20,
        20,
        20,
        20,
        20,
        null,
        null,
        1,
        20,
        80,
        null,
        20,
        null,
        null,
        1,
        3,
        null,
        null,
        1,
        1,
        null,
        null,
        1,
        0,
        null,
        null,
        1,
        3,
        null,
        null,
        1,
        0,
        0,
        0,
        0,
        0,
        null,
        0,
        null,
        0,
        null,
        null,
        1,
        0,
        0,
        null,
        null,
        1,
        0,
        0,
        null,
        null,
        1,
        0,
        0,
        0,
        0,
        0,
        0,
        0,
        0,
        0,
        0,
        null,
        0,
        0,
        0,
        null,
        0,
        null,
        0,
        0,
        0,
        null,
        0,
        null,
        0,
        0,
        null,
        null
      ],
      "C:/Users/Vytenis/RRChess/ruby-chess/chess/square.rb": [
        1,
        1,
        null,
        1,
        3526,
        3526,
        null,
        null,
        1,
        20,
        null,
        null,
        1,
        3984,
        null,
        null,
        1,
        417,
        null,
        null,
        1,
        3616,
        null,
        null,
        1,
        208,
        null,
        null,
        1,
        125,
        null,
        null
      ],
      "C:/Users/Vytenis/RRChess/ruby-chess/chess/queen.rb": [
        1,
        null,
        1,
        1,
        null,
        1,
        60,
        60,
        60,
        null,
        null,
        1,
        5,
        null,
        null,
        1,
        3,
        null,
        3,
        null,
        null
      ],
      "C:/Users/Vytenis/RRChess/ruby-chess/chess/piece.rb": [
        1,
        1,
        1,
        null,
        1,
        null,
        1,
        2408,
        2408,
        null,
        null,
        1,
        23,
        41,
        41,
        41,
        null,
        null,
        null,
        1,
        20,
        null,
        null,
        1,
        35,
        164,
        164,
        353,
        103,
        25,
        78,
        78,
        null,
        25,
        25,
        null,
        null,
        35,
        null,
        null
      ],
      "C:/Users/Vytenis/RRChess/ruby-chess/chess/bishop.rb": [
        1,
        null,
        1,
        1,
        null,
        1,
        123,
        123,
        123,
        null,
        null,
        1,
        5,
        5,
        5,
        5,
        5,
        5,
        null,
        null,
        1,
        6,
        6,
        null,
        null
      ],
      "C:/Users/Vytenis/RRChess/ruby-chess/chess/knight.rb": [
        1,
        null,
        1,
        1,
        null,
        1,
        120,
        120,
        120,
        null,
        null,
        1,
        31,
        31,
        31,
        31,
        null,
        null,
        1,
        43,
        null,
        null,
        1,
        23,
        null,
        null,
        null,
        23,
        89,
        89,
        43,
        null,
        null,
        null
      ],
      "C:/Users/Vytenis/RRChess/ruby-chess/chess/pawn.rb": [
        1,
        null,
        1,
        1,
        null,
        1,
        1920,
        1920,
        1920,
        1920,
        null,
        null,
        1,
        93,
        77,
        67,
        67,
        10,
        10,
        10,
        10,
        10,
        10,
        null,
        0,
        null,
        35,
        null,
        null,
        1,
        93,
        null,
        null,
        1,
        132,
        null,
        null,
        1,
        24,
        null,
        null,
        24,
        144,
        144,
        132,
        null,
        null,
        null,
        1,
        13,
        null,
        null
      ],
      "C:/Users/Vytenis/RRChess/ruby-chess/chess/king.rb": [
        1,
        1,
        null,
        1,
        1,
        null,
        1,
        60,
        60,
        60,
        60,
        null,
        null,
        1,
        6,
        6,
        null,
        6,
        6,
        null,
        0,
        0,
        0,
        0,
        null,
        null,
        null,
        1,
        0,
        0,
        0,
        0,
        0,
        0,
        0,
        0,
        null,
        0,
        null,
        null,
        0,
        null,
        null,
        1,
        101,
        null,
        null,
        1,
        101,
        35,
        null,
        66,
        null,
        101,
        202,
        202,
        null,
        null,
        null,
        1,
        101,
        null,
        null,
        null,
        101,
        808,
        808,
        null,
        null,
        null,
        1,
        101,
        null,
        101,
        642,
        642,
        642,
        892,
        892,
        892,
        680,
        430,
        70,
        0,
        62,
        0,
        2,
        null,
        6,
        null,
        null,
        37,
        null,
        null,
        1,
        3,
        null,
        3,
        3,
        3,
        3,
        null,
        null,
        1,
        0,
        0,
        0,
        0,
        0,
        null,
        0,
        0,
        null,
        null,
        null
      ],
      "C:/Users/Vytenis/RRChess/ruby-chess/chess/rook.rb": [
        1,
        null,
        1,
        1,
        null,
        1,
        125,
        125,
        125,
        125,
        null,
        null,
        1,
        5,
        2,
        2,
        2,
        2,
        2,
        null,
        null,
        1,
        23,
        23,
        null,
        null,
        1,
        0,
        null,
        null
      ],
      "C:/Users/Vytenis/RRChess/app/models/application_record.rb": [
        1,
        1,
        null
      ],
      "C:/Users/Vytenis/RRChess/spec/routing/rooms_routing_spec.rb": [
        1,
        null,
        1,
        1,
        null,
        1,
        1,
        null,
        null,
        1,
        1,
        null,
        null,
        1,
        1,
        null,
        null,
        1,
        1,
        null,
        null,
        1,
        1,
        null,
        null,
        1,
        1,
        null,
        null,
        1,
        1,
        null,
        null,
        1,
        1,
        null,
        null,
        null,
        null
      ],
      "C:/Users/Vytenis/RRChess/spec/routing/users_routing_spec.rb": [
        1,
        null,
        1,
        1,
        null,
        1,
        1,
        null,
        null,
        1,
        1,
        null,
        null,
        1,
        1,
        null,
        null,
        1,
        1,
        null,
        null,
        1,
        1,
        null,
        null,
        1,
        1,
        null,
        null,
        1,
        1,
        null,
        null,
        1,
        1,
        null,
        null,
        null,
        null
      ],
      "C:/Users/Vytenis/RRChess/spec/server_spec.rb": [
        1,
        null,
        1,
        null,
        1,
        1,
        null,
        1,
        null,
        null,
        null,
        null,
        null,
        null,
        1,
        1,
        8,
        null,
        1,
        1,
        1,
        null,
        1,
        1,
        null,
        1,
        1,
        null,
        null,
        1,
        1,
        null,
        null,
        null,
        1,
        1,
        3,
        null,
        3,
        null,
        1,
        1,
        1,
        1,
        null,
        1,
        1,
        null,
        1,
        1,
        1,
        1,
        null,
        1,
        2,
        null,
        null,
        null,
        null,
        1,
        1,
        1,
        1,
        1,
        1,
        null,
        1,
        1,
        1,
        1,
        1,
        1,
        null,
        null,
        1,
        8,
        null,
        null
      ],
      "C:/Users/Vytenis/RRChess/spec/user_spec.rb": [
        1,
        null,
        1,
        1,
        null,
        1,
        6,
        null,
        1,
        1,
        1,
        null,
        1,
        1,
        null,
        1,
        1,
        null,
        1,
        1,
        1,
        null,
        1,
        1,
        1,
        null,
        1,
        1,
        1,
        null,
        null,
        null
      ],
      "C:/Users/Vytenis/RRChess/app/models/user.rb": [
        null,
        1,
        1,
        1,
        1,
        null,
        1,
        null,
        1,
        156,
        null,
        null,
        1,
        17,
        null,
        null,
        1,
        61,
        null,
        null,
        1,
        93,
        null,
        null
      ],
      "C:/Users/Vytenis/RRChess/spec/views/rooms/edit.html.erb_spec.rb": [
        1,
        null,
        null,
        null,
        null,
        null,
        null,
        null,
        null,
        null,
        null,
        null,
        null,
        null,
        null,
        null,
        null,
        null,
        null,
        null,
        null,
        null,
        null,
        null,
        null
      ],
      "C:/Users/Vytenis/RRChess/spec/views/rooms/index.html.erb_spec.rb": [
        1,
        null,
        null,
        null,
        null,
        null,
        null,
        null,
        null,
        null,
        null,
        null,
        null,
        null,
        null,
        null,
        null,
        null,
        null,
        null,
        null,
        null,
        null,
        null,
        null,
        null
      ],
      "C:/Users/Vytenis/RRChess/spec/views/rooms/new.html.erb_spec.rb": [
        1,
        null,
        1,
        1,
        null,
        1,
        1,
        1,
        1,
        null,
        null,
        null,
        null,
        null,
        1,
        1,
        null,
        1,
        null,
        1,
        null,
        1,
        null,
        1,
        null,
        null,
        null
      ],
      "C:/Users/Vytenis/RRChess/spec/views/rooms/show.html.erb_spec.rb": [
        1,
        null,
        1,
        null,
        1,
        null,
        1,
        2,
        2,
        2,
        null,
        null,
        null,
        2,
        null,
        null,
        1,
        1,
        1,
        1,
        1,
        null,
        1,
        1,
        1,
        1,
        1,
        1,
        1,
        null,
        null
      ],
      "C:/Users/Vytenis/RRChess/spec/views/server/index.html.erb_spec.rb": [
        1,
        null,
        1,
        1,
        2,
        2,
        null,
        null,
        1,
        1,
        1,
        1,
        null,
        1,
        1,
        1,
        1,
        1,
        null,
        null
      ],
      "C:/Users/Vytenis/RRChess/spec/views/server/stats.html.erb_spec.rb": [
        1,
        null,
        1,
        1,
        null
      ],
      "C:/Users/Vytenis/RRChess/spec/views/users/edit.html.erb_spec.rb": [
        1,
        null,
        1,
        1,
        1,
        null,
        null,
        null,
        null,
        null,
        null,
        1,
        1,
        null,
        1,
        null,
        1,
        null,
        1,
        null,
        1,
        null,
        null,
        null
      ],
      "C:/Users/Vytenis/RRChess/spec/views/users/index.html.erb_spec.rb": [
        1,
        null,
        1,
        1,
        1,
        null,
        null,
        null,
        null,
        null,
        null,
        null,
        null,
        null,
        null,
        null,
        null,
        null,
        1,
        1,
        1,
        1,
        1,
        null,
        null
      ],
      "C:/Users/Vytenis/RRChess/spec/views/users/new.html.erb_spec.rb": [
        1,
        null,
        1,
        1,
        1,
        null,
        null,
        null,
        null,
        null,
        null,
        1,
        1,
        null,
        1,
        null,
        1,
        null,
        1,
        null,
        1,
        null,
        null,
        null
      ],
      "C:/Users/Vytenis/RRChess/spec/views/users/show.html.erb_spec.rb": [
        1,
        null,
        1,
        1,
        1,
        null,
        null,
        null,
        null,
        null,
        null,
        1,
        1,
        1,
        1,
        1,
        null,
        null
      ]
    },
    "timestamp": 1519468185
  }
}
